Begin
3628800
factorialLoop:
0: 1
1: 1
2: 2
3: 6
4: 24
5: 120
6: 720
7: 5040
8: 40320
9: 362880
10: 3628800
11: 39916800
12: 479001600
13: 1932053504
14: 1278945280
factorialRecursive:
0: 1
1: 1
2: 2
3: 6
4: 24
5: 120
6: 720
7: 5040
8: 40320
9: 362880
10: 3628800
11: 39916800
12: 479001600
13: 1932053504
14: 1278945280
factorialAdd:
0: 1
1: 1
2: 2
3: 6
4: 24
5: 120
6: 720
7: 5040
8: 40320
9: 362880
10: 3628800
11: 39916800
12: 479001600
Function signaled error, stopping.
factorialLoopShowOverflow:
0: 1
1: 1
2: 2
3: 6
4: 24
5: 120
6: 208
7: 176
8: 128
9: 128
10: 0
11: 0
End
