Dropbox is already running!
defined(@array) is deprecated at /usr/bin/shutter line 3736.
	(Maybe you should just omit the defined()?)
defined(@array) is deprecated at /usr/bin/shutter line 3747.
	(Maybe you should just omit the defined()?)
WARNING: gnome-web-photo is missing --> screenshots of websites will be disabled!

WARNING: Net::DBus::GLib is missing --> Ubuntu One support will be disabled!

WARNING: Image::ExifTool is missing --> writing Exif information will be disabled!

GLib-CRITICAL **: Source ID 324 was not found when attempting to remove it at /usr/bin/shutter line 7256.
GLib-CRITICAL **: Source ID 1141 was not found when attempting to remove it at /usr/bin/shutter line 7256.
GLib-CRITICAL **: Source ID 1143 was not found when attempting to remove it at /usr/share/perl5/Shutter/App/ShutterNotification.pm line 186.
GLib-CRITICAL **: Source ID 4112 was not found when attempting to remove it at /usr/bin/shutter line 7256.
GLib-CRITICAL **: Source ID 4414 was not found when attempting to remove it at /usr/bin/shutter line 7256.
GLib-CRITICAL **: Source ID 4114 was not found when attempting to remove it at /usr/share/perl5/Shutter/App/ShutterNotification.pm line 186.
GLib-CRITICAL **: Source ID 13082 was not found when attempting to remove it at /usr/bin/shutter line 7256.
GLib-CRITICAL **: Source ID 13084 was not found when attempting to remove it at /usr/share/perl5/Shutter/App/ShutterNotification.pm line 186.
GLib-CRITICAL **: Source ID 15326 was not found when attempting to remove it at /usr/bin/shutter line 7256.
GLib-CRITICAL **: Source ID 15328 was not found when attempting to remove it at /usr/share/perl5/Shutter/App/ShutterNotification.pm line 186.
GLib-CRITICAL **: Source ID 18674 was not found when attempting to remove it at /usr/bin/shutter line 7256.
GLib-CRITICAL **: Source ID 18676 was not found when attempting to remove it at /usr/share/perl5/Shutter/App/ShutterNotification.pm line 186.
GLib-CRITICAL **: Source ID 19797 was not found when attempting to remove it at /usr/bin/shutter line 7256.
GLib-CRITICAL **: Source ID 19799 was not found when attempting to remove it at /usr/share/perl5/Shutter/App/ShutterNotification.pm line 186.
